Starting Dynare (version 5.4).
Calling Dynare with arguments: none
Starting preprocessing of the model file ...
Found 16 equation(s).
Evaluating expressions...done
Computing static model derivatives (order 1).
Computing dynamic model derivatives (order 1).
Processing outputs ...
done
Preprocessing completed.


STEADY-STATE RESULTS:

xtil  		 0
y     		 0
pitil 		 0
pi    		 0
r     		 0
i     		 0
u     		 0
gamma 		 0
delta 		 0
xe    		 0
ye    		 0
re    		 0
ie    		 0
gya   		 2.95
pia   		 2.39
iras  		 4.73

EIGENVALUES:
         Modulus             Real        Imaginary

          0.1817           0.1817                0
          0.3528           0.3528                0
          0.5078           0.5078                0
          0.6004           0.6004                0
            0.63             0.63                0
            0.89             0.89                0
            0.97             0.97                0
           1.123            1.121          0.05895
           1.123            1.121         -0.05895
            2.13             2.13                0
           2.863            2.863                0
             Inf              Inf                0
             Inf              Inf                0
             Inf              Inf                0


There are 7 eigenvalue(s) larger than 1 in modulus 
for 7 forward-looking variable(s)

The rank condition is verified.


MODEL SUMMARY

  Number of variables:         16
  Number of stochastic shocks: 4
  Number of state variables:   7
  Number of jumpers:           7
  Number of static variables:  6


MATRIX OF COVARIANCE OF EXOGENOUS SHOCKS
Variables          ei        eu    edelta    egamma
ei           1.000000  0.000000  0.000000  0.000000
eu           0.000000  1.000000  0.000000  0.000000
edelta       0.000000  0.000000  1.000000  0.000000
egamma       0.000000  0.000000  0.000000  1.000000

POLICY AND TRANSITION FUNCTIONS
                                xtil               y           pitil              pi               r               i               u           gamma           delta              xe              ye              re              ie             gya             pia            iras
Constant                           0               0               0               0               0               0               0               0               0               0               0               0               0        2.950000        2.390000        4.730000
y(-1)                      -0.007668        0.452475        0.017180        0.017180       -0.003448        0.004798               0               0               0        0.452475               0               0        0.008246     -219.010069        6.871970        1.919341
i(-1)                      -0.883759       -1.260021       -0.431425       -0.431425        1.072467        0.689503               0               0               0       -1.260021               0               0       -0.382964     -504.008456     -172.569944      275.801215
u(-1)                      -1.937665       -3.891947        1.883917        1.883917       -1.135445        0.526178        0.890000               0               0       -3.891947               0               0        1.661623    -1556.778751      753.566979      210.471257
pi(-1)                     -0.055159       -0.084438       -0.032007        0.147993        0.038716        0.041334               0               0               0       -0.084438               0               0        0.002619      -33.775179       59.197162       16.533767
gamma(-1)                   0.647221        0.888023        0.173946        0.173946        0.116671        0.228539               0        0.970000               0        0.908571       -0.020548        0.947135        1.059003      743.209215       69.578327       91.415501
delta(-1)                   0.071920        0.146771       -0.045785       -0.045785        0.126566        0.062914               0               0        0.630000        0.051953        0.094817        0.398432        0.334780       58.708201      -18.314162       25.165689
ye(-1)                      0.029206       -0.097779       -0.035964       -0.035964        0.063687        0.030736               0               0               0       -0.450590        0.352811        0.214635        0.181684      -39.111735      -14.385437       12.294425
ei                         -0.000846       -0.001206       -0.000413       -0.000413        0.001026        0.000660               0               0               0       -0.001206               0               0       -0.000366       -0.482230       -0.165113        0.263884
eu                         -0.001578       -0.003170        0.001535        0.001535       -0.000925        0.000429        0.000725               0               0       -0.003170               0               0        0.001354       -1.268162        0.613861        0.171451
edelta                      0.000223        0.000454       -0.000142       -0.000142        0.000392        0.000195               0               0        0.001950        0.000161        0.000293        0.001233        0.001036        0.181716       -0.056687        0.077894
egamma                      0.001785        0.002449        0.000480        0.000480        0.000322        0.000630               0        0.002675               0        0.002506       -0.000057        0.002612        0.002920        2.049572        0.191878        0.252099


THEORETICAL MOMENTS
VARIABLE         MEAN  STD. DEV.   VARIANCE
xtil           0.0000     0.0061     0.0000
y              0.0000     0.0186     0.0003
pitil          0.0000     0.0028     0.0000
pi             0.0000     0.0033     0.0000
r              0.0000     0.0099     0.0001
i              0.0000     0.0083     0.0001
u              0.0000     0.0016     0.0000
gamma          0.0000     0.0110     0.0001
delta          0.0000     0.0025     0.0000
xe             0.0000     0.0187     0.0003
ye             0.0000     0.0006     0.0000
re             0.0000     0.0108     0.0001
ie             0.0000     0.0095     0.0001
gya            2.9500     4.8527    23.5483
pia            2.3900     1.3286     1.7652
iras           4.7300     3.3355    11.1258



VARIANCE DECOMPOSITION (in percent)
             ei      eu  edelta  egamma
xtil       3.24   82.51    0.39   13.86
y          1.67   91.68    0.22    6.43
pitil      4.04   63.23    1.71   31.02
pi         3.88   61.79    1.77   32.56
r          1.93    3.14    0.95   93.98
i          1.08   10.38    0.43   88.12
u          0.00  100.00    0.00    0.00
gamma      0.00    0.00    0.00  100.00
delta      0.00    0.00  100.00    0.00
xe         1.67   91.38    0.25    6.70
ye         0.00    0.00   66.94   33.06
re         0.00    0.00    2.35   97.65
ie         0.28    4.93    1.84   92.95
gya        1.18   10.60    0.27   87.95
pia        3.88   61.79    1.77   32.56
iras       1.08   10.38    0.43   88.12



MATRIX OF CORRELATIONS
Variables       xtil        y    pitil       pi        r        i        u    gamma    delta       xe       ye       re       ie      gya      pia     iras
xtil          1.0000   0.9733  -0.4731  -0.4979  -0.0716  -0.2535  -0.8837   0.1363   0.0094   0.9739  -0.0668   0.1363   0.0068   0.2615  -0.4979  -0.2535
y             0.9733   1.0000  -0.4771  -0.5049  -0.1016  -0.2888  -0.8926   0.0834   0.0165   0.9994  -0.0325   0.0850  -0.0512   0.1311  -0.5049  -0.2888
pitil        -0.4731  -0.4771   1.0000   0.9939  -0.5349  -0.2935   0.7376  -0.4054  -0.1076  -0.4813   0.1504  -0.4170  -0.1754  -0.5015   0.9939  -0.2935
pi           -0.4979  -0.5049   0.9939   1.0000  -0.5354  -0.2939   0.7479  -0.4183  -0.1034  -0.5094   0.1585  -0.4291  -0.1890  -0.5053   1.0000  -0.2939
r            -0.0716  -0.1016  -0.5349  -0.5354   1.0000   0.9642   0.0487   0.9320   0.0827  -0.0858  -0.4707   0.9336   0.8669   0.8431  -0.5354   0.9642
i            -0.2535  -0.2888  -0.2935  -0.2939   0.9642   1.0000   0.2981   0.9174   0.0535  -0.2722  -0.4849   0.9146   0.9140   0.7892  -0.2939   1.0000
u            -0.8837  -0.8926   0.7376   0.7479   0.0487   0.2981   1.0000   0.0000   0.0000  -0.8911   0.0000   0.0000   0.2108  -0.1507   0.7479   0.2981
gamma         0.1363   0.0834  -0.4054  -0.4183   0.9320   0.9174   0.0000   1.0000   0.0000   0.1023  -0.5726   0.9882   0.9584   0.9108  -0.4183   0.9174
delta         0.0094   0.0165  -0.1076  -0.1034   0.0827   0.0535   0.0000   0.0000   1.0000  -0.0096   0.7852   0.1531   0.1349   0.0094  -0.1034   0.0535
xe            0.9739   0.9994  -0.4813  -0.5094  -0.0858  -0.2722  -0.8911   0.1023  -0.0096   1.0000  -0.0656   0.0996  -0.0365   0.1480  -0.5094  -0.2722
ye           -0.0668  -0.0325   0.1504   0.1585  -0.4707  -0.4849   0.0000  -0.5726   0.7852  -0.0656   1.0000  -0.4437  -0.4401  -0.5146   0.1585  -0.4849
re            0.1363   0.0850  -0.4170  -0.4291   0.9336   0.9146   0.0000   0.9882   0.1531   0.0996  -0.4437   1.0000   0.9678   0.9015  -0.4291   0.9146
ie            0.0068  -0.0512  -0.1754  -0.1890   0.8669   0.9140   0.2108   0.9584   0.1349  -0.0365  -0.4401   0.9678   1.0000   0.8400  -0.1890   0.9140
gya           0.2615   0.1311  -0.5015  -0.5053   0.8431   0.7892  -0.1507   0.9108   0.0094   0.1480  -0.5146   0.9015   0.8400   1.0000  -0.5053   0.7892
pia          -0.4979  -0.5049   0.9939   1.0000  -0.5354  -0.2939   0.7479  -0.4183  -0.1034  -0.5094   0.1585  -0.4291  -0.1890  -0.5053   1.0000  -0.2939
iras         -0.2535  -0.2888  -0.2935  -0.2939   0.9642   1.0000   0.2981   0.9174   0.0535  -0.2722  -0.4849   0.9146   0.9140   0.7892  -0.2939   1.0000



COEFFICIENTS OF AUTOCORRELATION
Order          1       2       3       4       5
xtil      0.8981  0.8026  0.7151  0.6363  0.5658
y         0.9638  0.8965  0.8181  0.7388  0.6631
pitil     0.7920  0.6457  0.5423  0.4681  0.4134
pi        0.8537  0.7057  0.5930  0.5105  0.4498
r         0.9800  0.9555  0.9291  0.9020  0.8749
i         0.9880  0.9666  0.9399  0.9106  0.8804
u         0.8900  0.7921  0.7050  0.6274  0.5584
gamma     0.9700  0.9409  0.9127  0.8853  0.8587
delta     0.6300  0.3969  0.2500  0.1575  0.0992
xe        0.9639  0.8964  0.8180  0.7385  0.6626
ye        0.8641  0.6981  0.5630  0.4651  0.3969
re        0.9625  0.9284  0.8972  0.8680  0.8406
ie        0.9314  0.8762  0.8317  0.7948  0.7632
gya       0.8326  0.7556  0.7173  0.6945  0.6774
pia       0.8537  0.7057  0.5930  0.5105  0.4498
iras      0.9880  0.9666  0.9399  0.9106  0.8804
Total computing time : 0h00m00s
