Starting Dynare (version 5.4).
Calling Dynare with arguments: none
Starting preprocessing of the model file ...
Found 16 equation(s).
Evaluating expressions...done
Computing static model derivatives (order 1).
Computing dynamic model derivatives (order 1).
Processing outputs ...
done
Preprocessing completed.


STEADY-STATE RESULTS:

xtil  		 0
y     		 0
pitil 		 0
pi    		 0
r     		 0
i     		 0
u     		 0
gamma 		 0
delta 		 0
xe    		 0
ye    		 0
re    		 0
ie    		 0
gya   		 2.93
pia   		 2.38
iras  		 4.26

EIGENVALUES:
         Modulus             Real        Imaginary

            0.37             0.37                0
          0.4807           0.4807                0
          0.5065           0.5065                0
            0.55             0.55                0
          0.6262           0.6135           0.1255
          0.6262           0.6135          -0.1255
            0.91             0.91                0
           1.012            1.012                0
           1.315            1.315                0
           1.464            1.464                0
           1.994            1.994                0
             Inf              Inf                0
             Inf              Inf                0
             Inf              Inf                0


There are 7 eigenvalue(s) larger than 1 in modulus 
for 7 forward-looking variable(s)

The rank condition is verified.


MODEL SUMMARY

  Number of variables:         16
  Number of stochastic shocks: 4
  Number of state variables:   7
  Number of jumpers:           7
  Number of static variables:  6


MATRIX OF COVARIANCE OF EXOGENOUS SHOCKS
Variables          ei        eu    edelta    egamma
ei           1.000000  0.000000  0.000000  0.000000
eu           0.000000  1.000000  0.000000  0.000000
edelta       0.000000  0.000000  1.000000  0.000000
egamma       0.000000  0.000000  0.000000  1.000000

POLICY AND TRANSITION FUNCTIONS
                                xtil               y           pitil              pi               r               i               u           gamma           delta              xe              ye              re              ie             gya             pia            iras
Constant                           0               0               0               0               0               0               0               0               0               0               0               0               0        2.930000        2.380000        4.260000
y(-1)                      -0.045019        0.529120       -0.000545       -0.000545        0.048754        0.047465               0               0               0        0.529120               0               0       -0.001288     -188.352080       -0.218167       18.986135
i(-1)                      -0.292712       -0.467679       -0.015601       -0.015601        0.721594        0.703463               0               0               0       -0.467679               0               0       -0.018131     -187.071603       -6.240215      281.385095
u(-1)                      -0.016749       -0.112791        0.575079        0.575079       -0.329915        0.153746        0.370000               0               0       -0.112791               0               0        0.483661      -45.116289      230.031501       61.498512
pi(-1)                     -0.035104       -0.093423       -0.004901        0.475099       -0.096794        0.126995               0               0               0       -0.093423               0               0        0.223789      -37.369062      190.039556       50.798058
gamma(-1)                   0.065663       -0.098557        0.001359        0.001359        0.006351        0.007287               0        0.550000               0        0.076664       -0.175220        0.312304        0.313240      180.577338        0.543448        2.914775
delta(-1)                   0.502290        1.261211        0.070740        0.070740        0.010952        0.107238               0               0        0.910000        0.967519        0.293692        0.706996        0.803282      504.484309       28.296105       42.895057
ye(-1)                      0.106553        0.057040        0.002263        0.002263       -0.042619       -0.039808               0               0               0       -0.449476        0.506516        0.247458        0.250269       22.815936        0.905083      -15.923194
ei                         -0.000322       -0.000514       -0.000017       -0.000017        0.000794        0.000774               0               0               0       -0.000514               0               0       -0.000020       -0.205779       -0.006864        0.309524
eu                         -0.000046       -0.000312        0.001593        0.001593       -0.000914        0.000426        0.001025               0               0       -0.000312               0               0        0.001340       -0.124984        0.637249        0.170367
edelta                      0.001780        0.004470        0.000251        0.000251        0.000039        0.000380               0               0        0.003225        0.003429        0.001041        0.002506        0.002847        1.787870        0.100280        0.152018
egamma                      0.000561       -0.000842        0.000012        0.000012        0.000054        0.000062               0        0.004700               0        0.000655       -0.001497        0.002669        0.002677        1.543115        0.004644        0.024908


THEORETICAL MOMENTS
VARIABLE         MEAN  STD. DEV.   VARIANCE
xtil           0.0000     0.0031     0.0000
y              0.0000     0.0180     0.0003
pitil          0.0000     0.0018     0.0000
pi             0.0000     0.0025     0.0000
r              0.0000     0.0045     0.0000
i              0.0000     0.0053     0.0000
u              0.0000     0.0011     0.0000
gamma          0.0000     0.0056     0.0000
delta          0.0000     0.0078     0.0001
xe             0.0000     0.0132     0.0002
ye             0.0000     0.0055     0.0000
re             0.0000     0.0077     0.0001
ie             0.0000     0.0087     0.0001
gya            2.9300     2.8560     8.1567
pia            2.3800     1.0034     1.0068
iras           4.2600     2.1363     4.5637



VARIANCE DECOMPOSITION (in percent)
             ei      eu  edelta  egamma
xtil       1.76    1.60   92.99    3.66
y          0.44    0.99   97.39    1.19
pitil      0.02   90.89    9.09    0.00
pi         0.02   85.03   14.95    0.00
r          5.38    5.78   88.64    0.20
i          3.64    5.75   90.46    0.14
u          0.00  100.00    0.00    0.00
gamma      0.00    0.00    0.00  100.00
delta      0.00    0.00  100.00    0.00
xe         0.81    1.83   96.86    0.50
ye         0.00    0.00   74.99   25.01
re         0.00    0.00   85.59   14.41
ie         0.00    3.69   85.06   11.25
gya        0.65    0.61   50.65   48.09
pia        0.02   85.03   14.95    0.00
iras       3.64    5.75   90.46    0.14



MATRIX OF CORRELATIONS
Variables       xtil        y    pitil       pi        r        i        u    gamma    delta       xe       ye       re       ie      gya      pia     iras
xtil          1.0000   0.8527   0.2419   0.2501   0.5133   0.5707  -0.0472   0.1759   0.9115   0.8915   0.6428   0.8902   0.8671   0.5250   0.2501   0.5707
y             0.8527   1.0000   0.2548   0.3219   0.7953   0.8291  -0.0370  -0.0882   0.9695   0.9835   0.9018   0.8778   0.8679   0.0370   0.3219   0.8291
pitil         0.2419   0.2548   1.0000   0.8960   0.0319   0.3656   0.9532   0.0056   0.3003   0.2437   0.2460   0.2776   0.4518   0.0304   0.8960   0.3656
pi            0.2501   0.3219   0.8960   1.0000   0.2054   0.5268   0.8274   0.0054   0.3807   0.2995   0.3311   0.3578   0.5310  -0.0136   1.0000   0.5268
r             0.5133   0.7953   0.0319   0.2054   1.0000   0.9373  -0.1929   0.0303   0.7819   0.7736   0.7377   0.7653   0.7288  -0.1267   0.2054   0.9373
i             0.5707   0.8291   0.3656   0.5268   0.9373   1.0000   0.1378   0.0270   0.8383   0.8043   0.7742   0.8117   0.8406  -0.0931   0.5268   1.0000
u            -0.0472  -0.0370   0.9532   0.8274  -0.1929   0.1378   1.0000   0.0000   0.0000  -0.0504   0.0000   0.0000   0.1844  -0.0587   0.8274   0.1378
gamma         0.1759  -0.0882   0.0056   0.0054   0.0303   0.0270   0.0000   1.0000   0.0000   0.0681  -0.4490   0.3716   0.3282   0.6882   0.0054   0.0270
delta         0.9115   0.9695   0.3003   0.3807   0.7819   0.8383   0.0000   0.0000   1.0000   0.9673   0.8414   0.9223   0.9197   0.2197   0.3807   0.8383
xe            0.8915   0.9835   0.2437   0.2995   0.7736   0.8043  -0.0504   0.0681   0.9673   1.0000   0.8086   0.9264   0.9069   0.1679   0.2995   0.8043
ye            0.6428   0.9018   0.2460   0.3311   0.7377   0.7742   0.0000  -0.4490   0.8414   0.8086   1.0000   0.6410   0.6556  -0.2805   0.3311   0.7742
re            0.8902   0.8778   0.2776   0.3578   0.7653   0.8117   0.0000   0.3716   0.9223   0.9264   0.6410   1.0000   0.9805   0.4034   0.3578   0.8117
ie            0.8671   0.8679   0.4518   0.5310   0.7288   0.8406   0.1844   0.3282   0.9197   0.9069   0.6556   0.9805   1.0000   0.3642   0.5310   0.8406
gya           0.5250   0.0370   0.0304  -0.0136  -0.1267  -0.0931  -0.0587   0.6882   0.2197   0.1679  -0.2805   0.4034   0.3642   1.0000  -0.0136  -0.0931
pia           0.2501   0.3219   0.8960   1.0000   0.2054   0.5268   0.8274   0.0054   0.3807   0.2995   0.3311   0.3578   0.5310  -0.0136   1.0000   0.5268
iras          0.5707   0.8291   0.3656   0.5268   0.9373   1.0000   0.1378   0.0270   0.8383   0.8043   0.7742   0.8117   0.8406  -0.0931   0.5268   1.0000



COEFFICIENTS OF AUTOCORRELATION
Order           1        2        3        4        5
xtil       0.7796   0.6155   0.4956   0.4088   0.3454
y          0.9577   0.8794   0.7910   0.7053   0.6276
pitil      0.4072   0.1850   0.1004   0.0670   0.0526
pi         0.7508   0.4922   0.3145   0.2074   0.1458
r          0.9323   0.8664   0.8045   0.7453   0.6882
i          0.9709   0.9214   0.8607   0.7956   0.7306
u          0.3700   0.1369   0.0507   0.0187   0.0069
gamma      0.5500   0.3025   0.1664   0.0915   0.0503
delta      0.9100   0.8281   0.7536   0.6857   0.6240
xe         0.9528   0.8661   0.7696   0.6774   0.5955
ye         0.9338   0.8330   0.7337   0.6466   0.5730
re         0.8588   0.7609   0.6849   0.6210   0.5649
ie         0.8626   0.7619   0.6827   0.6166   0.5592
gya        0.5245   0.2546   0.1070   0.0303  -0.0070
pia        0.7508   0.4922   0.3145   0.2074   0.1458
iras       0.9709   0.9214   0.8607   0.7956   0.7306
Total computing time : 0h00m01s
