Starting Dynare (version 6.0).
Calling Dynare with arguments: none
Starting preprocessing of the model file ... 
Found 4 equation(s). 
Evaluating expressions... 
Computing static model derivatives (order 1). 
Normalizing the static model... 
Finding the optimal block decomposition of the static model... 
2 block(s) found: 
  1 recursive block(s) and 1 simultaneous block(s). 
  the largest simultaneous block has 3 equation(s) 
                                 and 3 feedback variable(s). 
Computing dynamic model derivatives (order 1). 
Normalizing the dynamic model... 
Finding the optimal block decomposition of the dynamic model... 
2 block(s) found: 
  1 recursive block(s) and 1 simultaneous block(s). 
  the largest simultaneous block has 3 equation(s) 
                                 and 3 feedback variable(s). 
Preprocessing completed. 
Preprocessing time: 0h00m00s.

STEADY-STATE RESULTS:

c   		 1.49163
k   		 29.2885
lab 		 0.291593
z   		 0

MODEL SUMMARY

  Number of variables:         4
  Number of stochastic shocks: 1
  Number of state variables:   2
  Number of jumpers:           3
  Number of static variables:  0


MATRIX OF COVARIANCE OF EXOGENOUS SHOCKS
Variables           e
e            1.000000

POLICY AND TRANSITION FUNCTIONS
                                   c               k             lab               z
Constant                    1.491626       29.288520        0.291593               0
k(-1)                       0.027972        0.978257       -0.001831               0
z(-1)                       0.622876        1.853488        0.191284        0.950000
e                           0.004590        0.013657        0.001409        0.007000


MOMENTS OF SIMULATED VARIABLES
VARIABLE              MEAN       STD. DEV.        VARIANCE        SKEWNESS        KURTOSIS
c                 1.466517        0.037304        0.001392        0.180947        0.181778
k                28.574937        0.999134        0.998268        0.112082       -0.005916
lab               0.291321        0.003866        0.000015       -0.185684        0.075884
z                -0.007843        0.022039        0.000486        0.170511        0.259799


CORRELATION OF SIMULATED VARIABLES
VARIABLE         c       k     lab       z
c           1.0000  0.9538  0.4275  0.7606
k           0.9538  1.0000  0.1361  0.5303
lab         0.4275  0.1361  1.0000  0.9121
z           0.7606  0.5303  0.9121  1.0000


AUTOCORRELATION OF SIMULATED VARIABLES
VARIABLE         1       2       3       4       5
c           0.9915  0.9828  0.9728  0.9628  0.9525
k           0.9983  0.9963  0.9930  0.9887  0.9833
lab         0.9328  0.8654  0.7965  0.7365  0.6839
z           0.9496  0.8989  0.8467  0.8006  0.7597
Total computing time : 0h00m02s
